2023-04-08 14:42:39 - DockStream version used: 1.0.0
2023-04-08 14:42:39 - Could not load CCDC / Gold docker - if another backend is being used, you can safely ignore this warning. The exception message reads: No module named 'ccdc'
2023-04-08 14:42:39 - Starting generation of pool RDkit_pool.
2023-04-08 14:42:39 - As input is SDF, coordinate generation is skipped.
2023-04-08 14:42:39 - Completed construction of pool RDkit_pool.
2023-04-08 14:42:39 - Starting docking run AutoDockVina.
2023-04-08 14:42:44 - |█████████████████████████████████████████████████████████████████| 100.0% 
2023-04-08 14:42:44 - Completed docking run AutoDockVina.
2023-04-08 14:48:31 - DockStream version used: 1.0.0
2023-04-08 14:48:31 - Could not load CCDC / Gold docker - if another backend is being used, you can safely ignore this warning. The exception message reads: No module named 'ccdc'
2023-04-08 14:48:31 - Starting generation of pool RDkit_pool.
2023-04-08 14:48:31 - As input is SDF, coordinate generation is skipped.
2023-04-08 14:48:31 - Completed construction of pool RDkit_pool.
2023-04-08 14:48:31 - Starting docking run AutoDockVina.
2023-04-08 14:48:36 - |█████████████████████████████████████████████████████████████████| 100.0% 
2023-04-08 14:48:36 - Completed docking run AutoDockVina.
2023-04-09 11:51:34 - DockStream version used: 1.0.0
2023-04-09 11:51:34 - Could not load CCDC / Gold docker - if another backend is being used, you can safely ignore this warning. The exception message reads: No module named 'ccdc'
2023-04-09 11:51:34 - Starting generation of pool RDkit_pool.
2023-04-09 11:51:34 - As input is SDF, coordinate generation is skipped.
2023-04-09 11:51:34 - Completed construction of pool RDkit_pool.
2023-04-09 11:51:34 - Starting docking run AutoDockVina.
2023-04-09 11:51:39 - |█████████████████████████████████████████████████████████████████| 100.0% 
2023-04-09 11:51:39 - Completed docking run AutoDockVina.
