2023-04-08 14:51:32 - DockStream version used: 1.0.0
2023-04-08 14:51:32 - Could not load CCDC / Gold docker - if another backend is being used, you can safely ignore this warning. The exception message reads: No module named 'ccdc'
2023-04-08 14:51:32 - Starting generation of pool RDkit_pool.
2023-04-08 14:51:32 - As input is SDF, coordinate generation is skipped.
2023-04-08 14:51:32 - Completed construction of pool RDkit_pool.
2023-04-08 14:51:32 - Starting docking run AutoDockVina.
2023-04-08 14:51:38 - |█████████████████████████████████████████████████████████████████| 100.0% 
2023-04-08 14:51:38 - Completed docking run AutoDockVina.
2023-04-08 15:18:03 - DockStream version used: 1.0.0
2023-04-08 15:18:03 - Could not load CCDC / Gold docker - if another backend is being used, you can safely ignore this warning. The exception message reads: No module named 'ccdc'
2023-04-08 15:18:03 - Starting generation of pool RDkit_pool.
2023-04-08 15:18:03 - As input is SDF, coordinate generation is skipped.
2023-04-08 15:18:03 - Completed construction of pool RDkit_pool.
2023-04-08 15:18:03 - Starting docking run AutoDockVina.
2023-04-08 15:18:11 - |█████████████████████████████████████████████████████████████████| 100.0% 
2023-04-08 15:18:11 - Completed docking run AutoDockVina.
2023-04-09 11:54:48 - DockStream version used: 1.0.0
2023-04-09 11:54:48 - Could not load CCDC / Gold docker - if another backend is being used, you can safely ignore this warning. The exception message reads: No module named 'ccdc'
2023-04-09 11:54:48 - Starting generation of pool RDkit_pool.
2023-04-09 11:54:48 - As input is SDF, coordinate generation is skipped.
2023-04-09 11:54:48 - Completed construction of pool RDkit_pool.
2023-04-09 11:54:48 - Starting docking run AutoDockVina.
2023-04-09 11:54:56 - |█████████████████████████████████████████████████████████████████| 100.0% 
2023-04-09 11:54:56 - Completed docking run AutoDockVina.
